<?xml version="1.0" encoding="UTF-8"?>
<robot generator="Robot 3.2.2 (Python 3.9.1 on win32)" generated="20210225 23:23:31.667" rpa="false">
<suite id="s1" name="Youtube" source="D:\Assignment-1\robotframework\youtube.robot">
<test id="s1-t1" name="Open Youtube Page">
<kw name="Open Browser" library="SeleniumLibrary">
<doc>Opens a new browser instance to the optional ``url``.</doc>
<arguments>
<arg>https://www.youtube.com/</arg>
</arguments>
<msg timestamp="20210225 23:23:31.959" level="INFO">Opening browser 'firefox' to base url 'https://www.youtube.com/'.</msg>
<msg timestamp="20210225 23:23:31.966" level="INFO">Firefox driver log is always forced to to: D:\Assignment-1\robotframework\geckodriver-1.log</msg>
<status status="PASS" starttime="20210225 23:23:31.959" endtime="20210225 23:23:39.347"></status>
</kw>
<kw name="Title Should Be" library="SeleniumLibrary">
<doc>Verifies that the current page title equals ``title``.</doc>
<arguments>
<arg>YouTube</arg>
</arguments>
<msg timestamp="20210225 23:23:39.355" level="INFO">Page title is 'YouTube'.</msg>
<status status="PASS" starttime="20210225 23:23:39.348" endtime="20210225 23:23:39.355"></status>
</kw>
<kw name="Close Browser" library="SeleniumLibrary">
<doc>Closes the current browser.</doc>
<status status="PASS" starttime="20210225 23:23:39.356" endtime="20210225 23:23:39.918"></status>
</kw>
<status status="PASS" starttime="20210225 23:23:31.959" endtime="20210225 23:23:39.919" critical="yes"></status>
</test>
<status status="PASS" starttime="20210225 23:23:31.669" endtime="20210225 23:23:39.919"></status>
</suite>
<statistics>
<total>
<stat pass="1" fail="0">Critical Tests</stat>
<stat pass="1" fail="0">All Tests</stat>
</total>
<tag>
</tag>
<suite>
<stat pass="1" fail="0" id="s1" name="Youtube">Youtube</stat>
</suite>
</statistics>
<errors>
</errors>
</robot>
